[36mโโโโโโโโโโโโโโโโโโโโโโโโโโโโโโ[0m
โโโโโโโโโโโโโโโโโโโโโโโโโโโโโโ
[36mโโโโโโโโโโโโโโโโโโโโโโโโโโโโโโ[0m
[36m๐ค Versรฃo: [0m1.1.0

[32m[๐ LITE: SUCESSO][0m [32mFui conectado com sucesso![0m

โโโโโโโโโโโโโโโโโโโโโโโโโโโโโโโโโโโโ
๐ฅ Comando detectado: "/autopf"
๐ค Enviado por: 5493814599125
๐ Tipo de mensaje recibido: extendedTextMessage
๐ En: Chat Privado
๐ Plugins disponibles: [ ping, autopf, tts, voz ]
โ Ejecutando comando: "/autopf"
โ Respuesta enviada: "๐ธ *Uso del comando AutoPF:*

๐น */autopf on* - Activar el cambio automรกtico de foto
๐น */autopf off* - Desactivar el cambio automรกtico de foto"
โโโโโโโโโโโโโโโโโโโโโโโโโโโโโโโโโโโโ

โโโโโโโโโโโโโโโโโโโโโโโโโโโโโโโโโโโโ


โโโโโโโโโโโโโโโโโโโโโโโโโโโโโโโโโโโโ
๐ฅ Comando detectado: "/autopf"
๐ค Enviado por: 5493814599125
๐ Tipo de mensaje recibido: extendedTextMessage
๐ En: Chat Privado
๐ Plugins disponibles: [ ping, autopf, tts, voz ]
โ Ejecutando comando: "/autopf"
โโโโโโโโโโโโโโโโโโโโโโโโโโโโโโโโโโโโ

โ Respuesta enviada: "โ Auto cambio de foto de perfil *activado*."
โโโโโโโโโโโโโโโโโโโโโโโโโโโโโโโโโโโโ


<--- Last few GCs --->

[28896:0xb4000071b5ab4000]    31398 ms: Mark-Compact 33.8 (39.6) -> 33.3 (43.3) MB, pooled: 0 MB, 78.70 / 0.00 ms  (average mu = 0.823, current mu = 0.090) allocation failure; scavenge might not succeed


<--- JS stacktrace --->

FATAL ERROR: Reached heap limit Allocation failed - JavaScript heap out of memory
----- Native stack trace -----

Failed running './connection.js'
